2025-11-16 15:33:58,440 - INFO - Old inventory.db deleted.
2025-11-16 15:33:58,503 - INFO - ----- Starting Full Ingestion -----
2025-11-16 15:33:58,503 - INFO - Starting ingestion for C:\Users\kkj\Desktop\data\begin_inventory.csv \u2192 begin_inventory
2025-11-16 15:33:59,101 - INFO - Inserted 20000 rows into begin_inventory
2025-11-16 15:33:59,700 - INFO - Inserted 20000 rows into begin_inventory
2025-11-16 15:34:00,261 - INFO - Inserted 20000 rows into begin_inventory
2025-11-16 15:34:00,908 - INFO - Inserted 20000 rows into begin_inventory
2025-11-16 15:34:01,511 - INFO - Inserted 20000 rows into begin_inventory
2025-11-16 15:34:02,094 - INFO - Inserted 20000 rows into begin_inventory
2025-11-16 15:34:02,780 - INFO - Inserted 20000 rows into begin_inventory
2025-11-16 15:34:03,474 - INFO - Inserted 20000 rows into begin_inventory
2025-11-16 15:34:04,077 - INFO - Inserted 20000 rows into begin_inventory
2025-11-16 15:34:04,655 - INFO - Inserted 20000 rows into begin_inventory
2025-11-16 15:34:04,843 - INFO - Inserted 6529 rows into begin_inventory
2025-11-16 15:34:04,844 - INFO - Completed ingestion for begin_inventory
2025-11-16 15:34:04,845 - INFO - Starting ingestion for C:\Users\kkj\Desktop\data\end_inventory.csv \u2192 end_inventory
2025-11-16 15:34:05,431 - INFO - Inserted 20000 rows into end_inventory
2025-11-16 15:34:06,031 - INFO - Inserted 20000 rows into end_inventory
2025-11-16 15:34:06,617 - INFO - Inserted 20000 rows into end_inventory
2025-11-16 15:34:07,196 - INFO - Inserted 20000 rows into end_inventory
2025-11-16 15:34:07,751 - INFO - Inserted 20000 rows into end_inventory
2025-11-16 15:34:08,361 - INFO - Inserted 20000 rows into end_inventory
2025-11-16 15:34:08,896 - INFO - Inserted 20000 rows into end_inventory
2025-11-16 15:34:09,572 - INFO - Inserted 20000 rows into end_inventory
2025-11-16 15:34:10,217 - INFO - Inserted 20000 rows into end_inventory
2025-11-16 15:34:10,929 - INFO - Inserted 20000 rows into end_inventory
2025-11-16 15:34:11,548 - INFO - Inserted 20000 rows into end_inventory
2025-11-16 15:34:11,687 - INFO - Inserted 4489 rows into end_inventory
2025-11-16 15:34:11,688 - INFO - Completed ingestion for end_inventory
2025-11-16 15:34:11,690 - INFO - Starting ingestion for C:\Users\kkj\Desktop\data\purchase_prices.csv \u2192 purchase_prices
2025-11-16 15:34:12,084 - INFO - Inserted 12261 rows into purchase_prices
2025-11-16 15:34:12,085 - INFO - Completed ingestion for purchase_prices
2025-11-16 15:34:12,087 - INFO - Starting ingestion for C:\Users\kkj\Desktop\data\purchases.csv \u2192 purchases
2025-11-16 15:34:13,136 - INFO - Inserted 20000 rows into purchases
2025-11-16 15:34:14,111 - INFO - Inserted 20000 rows into purchases
2025-11-16 15:34:15,152 - INFO - Inserted 20000 rows into purchases
2025-11-16 15:34:16,224 - INFO - Inserted 20000 rows into purchases
2025-11-16 15:34:17,209 - INFO - Inserted 20000 rows into purchases
2025-11-16 15:34:18,249 - INFO - Inserted 20000 rows into purchases
2025-11-16 15:34:19,872 - INFO - Inserted 20000 rows into purchases
2025-11-16 15:34:21,271 - INFO - Inserted 20000 rows into purchases
2025-11-16 15:34:22,540 - INFO - Inserted 20000 rows into purchases
2025-11-16 15:34:23,785 - INFO - Inserted 20000 rows into purchases
2025-11-16 15:34:24,942 - INFO - Inserted 20000 rows into purchases
2025-11-16 15:34:26,147 - INFO - Inserted 20000 rows into purchases
2025-11-16 15:34:27,314 - INFO - Inserted 20000 rows into purchases
2025-11-16 15:34:28,497 - INFO - Inserted 20000 rows into purchases
2025-11-16 15:34:29,619 - INFO - Inserted 20000 rows into purchases
2025-11-16 15:34:30,824 - INFO - Inserted 20000 rows into purchases
2025-11-16 15:34:32,046 - INFO - Inserted 20000 rows into purchases
2025-11-16 15:34:33,242 - INFO - Inserted 20000 rows into purchases
2025-11-16 15:34:34,409 - INFO - Inserted 20000 rows into purchases
2025-11-16 15:34:35,610 - INFO - Inserted 20000 rows into purchases
2025-11-16 15:34:36,899 - INFO - Inserted 20000 rows into purchases
2025-11-16 15:34:38,115 - INFO - Inserted 20000 rows into purchases
2025-11-16 15:34:39,276 - INFO - Inserted 20000 rows into purchases
2025-11-16 15:34:40,576 - INFO - Inserted 20000 rows into purchases
2025-11-16 15:34:42,006 - INFO - Inserted 20000 rows into purchases
2025-11-16 15:34:43,109 - INFO - Inserted 20000 rows into purchases
2025-11-16 15:34:44,115 - INFO - Inserted 20000 rows into purchases
2025-11-16 15:34:45,145 - INFO - Inserted 20000 rows into purchases
2025-11-16 15:34:46,143 - INFO - Inserted 20000 rows into purchases
2025-11-16 15:34:47,251 - INFO - Inserted 20000 rows into purchases
2025-11-16 15:34:48,224 - INFO - Inserted 20000 rows into purchases
2025-11-16 15:34:49,202 - INFO - Inserted 20000 rows into purchases
2025-11-16 15:34:50,145 - INFO - Inserted 20000 rows into purchases
2025-11-16 15:34:51,601 - INFO - Inserted 20000 rows into purchases
2025-11-16 15:34:52,689 - INFO - Inserted 20000 rows into purchases
2025-11-16 15:34:53,794 - INFO - Inserted 20000 rows into purchases
2025-11-16 15:34:54,963 - INFO - Inserted 20000 rows into purchases
2025-11-16 15:34:55,954 - INFO - Inserted 20000 rows into purchases
2025-11-16 15:34:57,071 - INFO - Inserted 20000 rows into purchases
2025-11-16 15:34:58,141 - INFO - Inserted 20000 rows into purchases
2025-11-16 15:34:59,332 - INFO - Inserted 20000 rows into purchases
2025-11-16 15:35:00,359 - INFO - Inserted 20000 rows into purchases
2025-11-16 15:35:01,309 - INFO - Inserted 20000 rows into purchases
2025-11-16 15:35:02,322 - INFO - Inserted 20000 rows into purchases
2025-11-16 15:35:03,379 - INFO - Inserted 20000 rows into purchases
2025-11-16 15:35:04,563 - INFO - Inserted 20000 rows into purchases
2025-11-16 15:35:05,693 - INFO - Inserted 20000 rows into purchases
2025-11-16 15:35:06,740 - INFO - Inserted 20000 rows into purchases
2025-11-16 15:35:07,761 - INFO - Inserted 20000 rows into purchases
2025-11-16 15:35:08,773 - INFO - Inserted 20000 rows into purchases
2025-11-16 15:35:09,707 - INFO - Inserted 20000 rows into purchases
2025-11-16 15:35:10,737 - INFO - Inserted 20000 rows into purchases
2025-11-16 15:35:11,672 - INFO - Inserted 20000 rows into purchases
2025-11-16 15:35:12,626 - INFO - Inserted 20000 rows into purchases
2025-11-16 15:35:13,753 - INFO - Inserted 20000 rows into purchases
2025-11-16 15:35:14,877 - INFO - Inserted 20000 rows into purchases
2025-11-16 15:35:15,991 - INFO - Inserted 20000 rows into purchases
2025-11-16 15:35:17,102 - INFO - Inserted 20000 rows into purchases
2025-11-16 15:35:18,186 - INFO - Inserted 20000 rows into purchases
2025-11-16 15:35:19,187 - INFO - Inserted 20000 rows into purchases
2025-11-16 15:35:20,195 - INFO - Inserted 20000 rows into purchases
2025-11-16 15:35:21,243 - INFO - Inserted 20000 rows into purchases
2025-11-16 15:35:22,175 - INFO - Inserted 20000 rows into purchases
2025-11-16 15:35:23,171 - INFO - Inserted 20000 rows into purchases
2025-11-16 15:35:24,129 - INFO - Inserted 20000 rows into purchases
2025-11-16 15:35:25,262 - INFO - Inserted 20000 rows into purchases
2025-11-16 15:35:26,207 - INFO - Inserted 20000 rows into purchases
2025-11-16 15:35:27,293 - INFO - Inserted 20000 rows into purchases
2025-11-16 15:35:28,314 - INFO - Inserted 20000 rows into purchases
2025-11-16 15:35:29,264 - INFO - Inserted 20000 rows into purchases
2025-11-16 15:35:30,248 - INFO - Inserted 20000 rows into purchases
2025-11-16 15:35:31,225 - INFO - Inserted 20000 rows into purchases
2025-11-16 15:35:32,188 - INFO - Inserted 20000 rows into purchases
2025-11-16 15:35:33,146 - INFO - Inserted 20000 rows into purchases
2025-11-16 15:35:34,100 - INFO - Inserted 20000 rows into purchases
2025-11-16 15:35:35,250 - INFO - Inserted 20000 rows into purchases
2025-11-16 15:35:36,164 - INFO - Inserted 20000 rows into purchases
2025-11-16 15:35:37,160 - INFO - Inserted 20000 rows into purchases
2025-11-16 15:35:38,191 - INFO - Inserted 20000 rows into purchases
2025-11-16 15:35:39,127 - INFO - Inserted 20000 rows into purchases
2025-11-16 15:35:40,163 - INFO - Inserted 20000 rows into purchases
2025-11-16 15:35:41,148 - INFO - Inserted 20000 rows into purchases
2025-11-16 15:35:42,083 - INFO - Inserted 20000 rows into purchases
2025-11-16 15:35:43,013 - INFO - Inserted 20000 rows into purchases
2025-11-16 15:35:43,957 - INFO - Inserted 20000 rows into purchases
2025-11-16 15:35:44,961 - INFO - Inserted 20000 rows into purchases
2025-11-16 15:35:45,967 - INFO - Inserted 20000 rows into purchases
2025-11-16 15:35:47,070 - INFO - Inserted 20000 rows into purchases
2025-11-16 15:35:48,133 - INFO - Inserted 20000 rows into purchases
2025-11-16 15:35:49,112 - INFO - Inserted 20000 rows into purchases
2025-11-16 15:35:50,048 - INFO - Inserted 20000 rows into purchases
2025-11-16 15:35:51,137 - INFO - Inserted 20000 rows into purchases
2025-11-16 15:35:52,226 - INFO - Inserted 20000 rows into purchases
2025-11-16 15:35:53,144 - INFO - Inserted 20000 rows into purchases
2025-11-16 15:35:54,221 - INFO - Inserted 20000 rows into purchases
2025-11-16 15:35:55,125 - INFO - Inserted 20000 rows into purchases
2025-11-16 15:35:56,119 - INFO - Inserted 20000 rows into purchases
2025-11-16 15:35:57,108 - INFO - Inserted 20000 rows into purchases
2025-11-16 15:35:58,110 - INFO - Inserted 20000 rows into purchases
2025-11-16 15:35:59,160 - INFO - Inserted 20000 rows into purchases
2025-11-16 15:36:00,305 - INFO - Inserted 20000 rows into purchases
2025-11-16 15:36:01,298 - INFO - Inserted 20000 rows into purchases
2025-11-16 15:36:02,428 - INFO - Inserted 20000 rows into purchases
2025-11-16 15:36:03,508 - INFO - Inserted 20000 rows into purchases
2025-11-16 15:36:04,619 - INFO - Inserted 20000 rows into purchases
2025-11-16 15:36:05,719 - INFO - Inserted 20000 rows into purchases
2025-11-16 15:36:06,791 - INFO - Inserted 20000 rows into purchases
2025-11-16 15:36:07,898 - INFO - Inserted 20000 rows into purchases
2025-11-16 15:36:08,964 - INFO - Inserted 20000 rows into purchases
2025-11-16 15:36:09,960 - INFO - Inserted 20000 rows into purchases
2025-11-16 15:36:10,960 - INFO - Inserted 20000 rows into purchases
2025-11-16 15:36:11,991 - INFO - Inserted 20000 rows into purchases
2025-11-16 15:36:13,190 - INFO - Inserted 20000 rows into purchases
2025-11-16 15:36:16,982 - INFO - Inserted 20000 rows into purchases
2025-11-16 15:36:19,442 - INFO - Inserted 20000 rows into purchases
2025-11-16 15:36:20,848 - INFO - Inserted 20000 rows into purchases
2025-11-16 15:36:22,019 - INFO - Inserted 20000 rows into purchases
2025-11-16 15:36:23,096 - INFO - Inserted 20000 rows into purchases
2025-11-16 15:36:23,745 - INFO - Inserted 12474 rows into purchases
2025-11-16 15:36:23,746 - INFO - Completed ingestion for purchases
2025-11-16 15:36:23,750 - INFO - Starting ingestion for C:\Users\kkj\Desktop\data\sales.csv \u2192 sales
2025-11-16 15:36:24,736 - INFO - Inserted 20000 rows into sales
2025-11-16 15:36:25,639 - INFO - Inserted 20000 rows into sales
2025-11-16 15:36:26,660 - INFO - Inserted 20000 rows into sales
2025-11-16 15:36:27,637 - INFO - Inserted 20000 rows into sales
2025-11-16 15:36:28,535 - INFO - Inserted 20000 rows into sales
2025-11-16 15:36:29,565 - INFO - Inserted 20000 rows into sales
2025-11-16 15:36:30,440 - INFO - Inserted 20000 rows into sales
2025-11-16 15:36:31,318 - INFO - Inserted 20000 rows into sales
2025-11-16 15:36:32,283 - INFO - Inserted 20000 rows into sales
2025-11-16 15:36:33,128 - INFO - Inserted 20000 rows into sales
2025-11-16 15:36:34,014 - INFO - Inserted 20000 rows into sales
2025-11-16 15:36:34,853 - INFO - Inserted 20000 rows into sales
2025-11-16 15:36:35,668 - INFO - Inserted 20000 rows into sales
2025-11-16 15:36:36,578 - INFO - Inserted 20000 rows into sales
2025-11-16 15:36:37,377 - INFO - Inserted 20000 rows into sales
2025-11-16 15:36:38,329 - INFO - Inserted 20000 rows into sales
2025-11-16 15:36:39,200 - INFO - Inserted 20000 rows into sales
2025-11-16 15:36:40,023 - INFO - Inserted 20000 rows into sales
2025-11-16 15:36:40,894 - INFO - Inserted 20000 rows into sales
2025-11-16 15:36:41,701 - INFO - Inserted 20000 rows into sales
2025-11-16 15:36:42,517 - INFO - Inserted 20000 rows into sales
2025-11-16 15:36:43,375 - INFO - Inserted 20000 rows into sales
2025-11-16 15:36:44,176 - INFO - Inserted 20000 rows into sales
2025-11-16 15:36:45,093 - INFO - Inserted 20000 rows into sales
2025-11-16 15:36:45,962 - INFO - Inserted 20000 rows into sales
2025-11-16 15:36:46,795 - INFO - Inserted 20000 rows into sales
2025-11-16 15:36:47,737 - INFO - Inserted 20000 rows into sales
2025-11-16 15:36:48,660 - INFO - Inserted 20000 rows into sales
2025-11-16 15:36:49,516 - INFO - Inserted 20000 rows into sales
2025-11-16 15:36:50,367 - INFO - Inserted 20000 rows into sales
2025-11-16 15:36:51,262 - INFO - Inserted 20000 rows into sales
2025-11-16 15:36:52,163 - INFO - Inserted 20000 rows into sales
2025-11-16 15:36:53,065 - INFO - Inserted 20000 rows into sales
2025-11-16 15:36:54,174 - INFO - Inserted 20000 rows into sales
2025-11-16 15:36:55,109 - INFO - Inserted 20000 rows into sales
2025-11-16 15:36:56,140 - INFO - Inserted 20000 rows into sales
2025-11-16 15:36:57,049 - INFO - Inserted 20000 rows into sales
2025-11-16 15:36:57,981 - INFO - Inserted 20000 rows into sales
2025-11-16 15:36:58,800 - INFO - Inserted 20000 rows into sales
2025-11-16 15:36:59,755 - INFO - Inserted 20000 rows into sales
2025-11-16 15:37:00,826 - INFO - Inserted 20000 rows into sales
2025-11-16 15:37:01,703 - INFO - Inserted 20000 rows into sales
2025-11-16 15:37:02,670 - INFO - Inserted 20000 rows into sales
2025-11-16 15:37:03,583 - INFO - Inserted 20000 rows into sales
2025-11-16 15:37:04,627 - INFO - Inserted 20000 rows into sales
2025-11-16 15:37:05,490 - INFO - Inserted 20000 rows into sales
2025-11-16 15:37:06,439 - INFO - Inserted 20000 rows into sales
2025-11-16 15:37:07,289 - INFO - Inserted 20000 rows into sales
2025-11-16 15:37:08,115 - INFO - Inserted 20000 rows into sales
2025-11-16 15:37:09,021 - INFO - Inserted 20000 rows into sales
2025-11-16 15:37:09,861 - INFO - Inserted 20000 rows into sales
2025-11-16 15:37:10,755 - INFO - Inserted 20000 rows into sales
2025-11-16 15:37:11,623 - INFO - Inserted 20000 rows into sales
2025-11-16 15:37:12,440 - INFO - Inserted 20000 rows into sales
2025-11-16 15:37:13,286 - INFO - Inserted 20000 rows into sales
2025-11-16 15:37:14,153 - INFO - Inserted 20000 rows into sales
2025-11-16 15:37:14,964 - INFO - Inserted 20000 rows into sales
2025-11-16 15:37:15,786 - INFO - Inserted 20000 rows into sales
2025-11-16 15:37:16,666 - INFO - Inserted 20000 rows into sales
2025-11-16 15:37:17,475 - INFO - Inserted 20000 rows into sales
2025-11-16 15:37:18,325 - INFO - Inserted 20000 rows into sales
2025-11-16 15:37:19,108 - INFO - Inserted 20000 rows into sales
2025-11-16 15:37:19,972 - INFO - Inserted 20000 rows into sales
2025-11-16 15:37:20,781 - INFO - Inserted 20000 rows into sales
2025-11-16 15:37:21,714 - INFO - Inserted 20000 rows into sales
2025-11-16 15:37:22,566 - INFO - Inserted 20000 rows into sales
2025-11-16 15:37:23,370 - INFO - Inserted 20000 rows into sales
2025-11-16 15:37:24,340 - INFO - Inserted 20000 rows into sales
2025-11-16 15:37:25,338 - INFO - Inserted 20000 rows into sales
2025-11-16 15:37:26,221 - INFO - Inserted 20000 rows into sales
2025-11-16 15:37:27,026 - INFO - Inserted 20000 rows into sales
2025-11-16 15:37:27,890 - INFO - Inserted 20000 rows into sales
2025-11-16 15:37:28,696 - INFO - Inserted 20000 rows into sales
2025-11-16 15:37:30,041 - INFO - Inserted 20000 rows into sales
2025-11-16 15:37:30,932 - INFO - Inserted 20000 rows into sales
2025-11-16 15:37:31,809 - INFO - Inserted 20000 rows into sales
2025-11-16 15:37:32,758 - INFO - Inserted 20000 rows into sales
2025-11-16 15:37:34,181 - INFO - Inserted 20000 rows into sales
2025-11-16 15:37:35,248 - INFO - Inserted 20000 rows into sales
2025-11-16 15:37:36,306 - INFO - Inserted 20000 rows into sales
2025-11-16 15:37:37,273 - INFO - Inserted 20000 rows into sales
2025-11-16 15:37:38,241 - INFO - Inserted 20000 rows into sales
2025-11-16 15:37:39,096 - INFO - Inserted 20000 rows into sales
2025-11-16 15:37:39,956 - INFO - Inserted 20000 rows into sales
2025-11-16 15:37:40,765 - INFO - Inserted 20000 rows into sales
2025-11-16 15:37:41,623 - INFO - Inserted 20000 rows into sales
2025-11-16 15:37:42,579 - INFO - Inserted 20000 rows into sales
2025-11-16 15:37:43,566 - INFO - Inserted 20000 rows into sales
2025-11-16 15:37:44,491 - INFO - Inserted 20000 rows into sales
2025-11-16 15:37:45,351 - INFO - Inserted 20000 rows into sales
2025-11-16 15:37:46,416 - INFO - Inserted 20000 rows into sales
2025-11-16 15:37:47,377 - INFO - Inserted 20000 rows into sales
2025-11-16 15:37:48,537 - INFO - Inserted 20000 rows into sales
2025-11-16 15:37:49,617 - INFO - Inserted 20000 rows into sales
2025-11-16 15:37:50,492 - INFO - Inserted 20000 rows into sales
2025-11-16 15:37:51,518 - INFO - Inserted 20000 rows into sales
2025-11-16 15:37:52,522 - INFO - Inserted 20000 rows into sales
2025-11-16 15:37:53,353 - INFO - Inserted 20000 rows into sales
2025-11-16 15:37:54,292 - INFO - Inserted 20000 rows into sales
2025-11-16 15:37:55,144 - INFO - Inserted 20000 rows into sales
2025-11-16 15:37:56,058 - INFO - Inserted 20000 rows into sales
2025-11-16 15:37:56,949 - INFO - Inserted 20000 rows into sales
2025-11-16 15:37:57,947 - INFO - Inserted 20000 rows into sales
2025-11-16 15:37:58,859 - INFO - Inserted 20000 rows into sales
2025-11-16 15:37:59,761 - INFO - Inserted 20000 rows into sales
2025-11-16 15:38:00,836 - INFO - Inserted 20000 rows into sales
2025-11-16 15:38:01,737 - INFO - Inserted 20000 rows into sales
2025-11-16 15:38:02,617 - INFO - Inserted 20000 rows into sales
2025-11-16 15:38:03,541 - INFO - Inserted 20000 rows into sales
2025-11-16 15:38:04,517 - INFO - Inserted 20000 rows into sales
2025-11-16 15:38:05,457 - INFO - Inserted 20000 rows into sales
2025-11-16 15:38:06,397 - INFO - Inserted 20000 rows into sales
2025-11-16 15:38:07,268 - INFO - Inserted 20000 rows into sales
2025-11-16 15:38:08,239 - INFO - Inserted 20000 rows into sales
2025-11-16 15:38:09,254 - INFO - Inserted 20000 rows into sales
2025-11-16 15:38:10,115 - INFO - Inserted 20000 rows into sales
2025-11-16 15:38:11,021 - INFO - Inserted 20000 rows into sales
2025-11-16 15:38:11,931 - INFO - Inserted 20000 rows into sales
2025-11-16 15:38:12,792 - INFO - Inserted 20000 rows into sales
2025-11-16 15:38:13,652 - INFO - Inserted 20000 rows into sales
2025-11-16 15:38:14,533 - INFO - Inserted 20000 rows into sales
2025-11-16 15:38:15,520 - INFO - Inserted 20000 rows into sales
2025-11-16 15:38:16,405 - INFO - Inserted 20000 rows into sales
2025-11-16 15:38:17,296 - INFO - Inserted 20000 rows into sales
2025-11-16 15:38:18,211 - INFO - Inserted 20000 rows into sales
2025-11-16 15:38:19,167 - INFO - Inserted 20000 rows into sales
2025-11-16 15:38:20,085 - INFO - Inserted 20000 rows into sales
2025-11-16 15:38:21,107 - INFO - Inserted 20000 rows into sales
2025-11-16 15:38:22,203 - INFO - Inserted 20000 rows into sales
2025-11-16 15:38:23,000 - INFO - Inserted 20000 rows into sales
2025-11-16 15:38:23,883 - INFO - Inserted 20000 rows into sales
2025-11-16 15:38:24,678 - INFO - Inserted 20000 rows into sales
2025-11-16 15:38:25,627 - INFO - Inserted 20000 rows into sales
2025-11-16 15:38:26,449 - INFO - Inserted 20000 rows into sales
2025-11-16 15:38:27,324 - INFO - Inserted 20000 rows into sales
2025-11-16 15:38:28,353 - INFO - Inserted 20000 rows into sales
2025-11-16 15:38:29,270 - INFO - Inserted 20000 rows into sales
2025-11-16 15:38:30,197 - INFO - Inserted 20000 rows into sales
2025-11-16 15:38:31,014 - INFO - Inserted 20000 rows into sales
2025-11-16 15:38:31,957 - INFO - Inserted 20000 rows into sales
2025-11-16 15:38:32,864 - INFO - Inserted 20000 rows into sales
2025-11-16 15:38:33,839 - INFO - Inserted 20000 rows into sales
2025-11-16 15:38:34,790 - INFO - Inserted 20000 rows into sales
2025-11-16 15:38:35,628 - INFO - Inserted 20000 rows into sales
2025-11-16 15:38:36,543 - INFO - Inserted 20000 rows into sales
2025-11-16 15:38:37,341 - INFO - Inserted 20000 rows into sales
2025-11-16 15:38:38,192 - INFO - Inserted 20000 rows into sales
2025-11-16 15:38:39,075 - INFO - Inserted 20000 rows into sales
2025-11-16 15:38:40,067 - INFO - Inserted 20000 rows into sales
2025-11-16 15:38:40,968 - INFO - Inserted 20000 rows into sales
2025-11-16 15:38:41,772 - INFO - Inserted 20000 rows into sales
2025-11-16 15:38:42,714 - INFO - Inserted 20000 rows into sales
2025-11-16 15:38:43,562 - INFO - Inserted 20000 rows into sales
2025-11-16 15:38:44,548 - INFO - Inserted 20000 rows into sales
2025-11-16 15:38:45,414 - INFO - Inserted 20000 rows into sales
2025-11-16 15:38:46,317 - INFO - Inserted 20000 rows into sales
2025-11-16 15:38:47,188 - INFO - Inserted 20000 rows into sales
2025-11-16 15:38:48,107 - INFO - Inserted 20000 rows into sales
2025-11-16 15:38:49,127 - INFO - Inserted 20000 rows into sales
2025-11-16 15:38:50,065 - INFO - Inserted 20000 rows into sales
2025-11-16 15:38:51,019 - INFO - Inserted 20000 rows into sales
2025-11-16 15:38:51,858 - INFO - Inserted 20000 rows into sales
2025-11-16 15:38:52,710 - INFO - Inserted 20000 rows into sales
2025-11-16 15:38:53,670 - INFO - Inserted 20000 rows into sales
2025-11-16 15:38:54,578 - INFO - Inserted 20000 rows into sales
2025-11-16 15:38:55,547 - INFO - Inserted 20000 rows into sales
2025-11-16 15:38:56,400 - INFO - Inserted 20000 rows into sales
2025-11-16 15:38:57,312 - INFO - Inserted 20000 rows into sales
2025-11-16 15:38:58,493 - INFO - Inserted 20000 rows into sales
2025-11-16 15:38:59,446 - INFO - Inserted 20000 rows into sales
2025-11-16 15:39:00,236 - INFO - Inserted 20000 rows into sales
2025-11-16 15:39:01,240 - INFO - Inserted 20000 rows into sales
2025-11-16 15:39:02,364 - INFO - Inserted 20000 rows into sales
2025-11-16 15:39:03,366 - INFO - Inserted 20000 rows into sales
2025-11-16 15:39:04,300 - INFO - Inserted 20000 rows into sales
2025-11-16 15:39:05,170 - INFO - Inserted 20000 rows into sales
2025-11-16 15:39:07,177 - INFO - Inserted 20000 rows into sales
2025-11-16 15:39:09,179 - INFO - Inserted 20000 rows into sales
2025-11-16 15:39:10,631 - INFO - Inserted 20000 rows into sales
2025-11-16 15:39:13,076 - INFO - Inserted 20000 rows into sales
2025-11-16 15:39:14,130 - INFO - Inserted 20000 rows into sales
2025-11-16 15:39:15,229 - INFO - Inserted 20000 rows into sales
2025-11-16 15:39:16,262 - INFO - Inserted 20000 rows into sales
2025-11-16 15:39:17,394 - INFO - Inserted 20000 rows into sales
2025-11-16 15:39:18,527 - INFO - Inserted 20000 rows into sales
2025-11-16 15:39:19,662 - INFO - Inserted 20000 rows into sales
2025-11-16 15:39:20,657 - INFO - Inserted 20000 rows into sales
2025-11-16 15:39:21,713 - INFO - Inserted 20000 rows into sales
2025-11-16 15:39:22,724 - INFO - Inserted 20000 rows into sales
2025-11-16 15:39:23,820 - INFO - Inserted 20000 rows into sales
2025-11-16 15:39:24,831 - INFO - Inserted 20000 rows into sales
2025-11-16 15:39:25,918 - INFO - Inserted 20000 rows into sales
2025-11-16 15:39:27,064 - INFO - Inserted 20000 rows into sales
2025-11-16 15:39:28,112 - INFO - Inserted 20000 rows into sales
2025-11-16 15:39:29,194 - INFO - Inserted 20000 rows into sales
2025-11-16 15:39:30,218 - INFO - Inserted 20000 rows into sales
2025-11-16 15:39:31,308 - INFO - Inserted 20000 rows into sales
2025-11-16 15:39:32,313 - INFO - Inserted 20000 rows into sales
2025-11-16 15:39:33,395 - INFO - Inserted 20000 rows into sales
2025-11-16 15:39:34,424 - INFO - Inserted 20000 rows into sales
2025-11-16 15:39:35,499 - INFO - Inserted 20000 rows into sales
2025-11-16 15:39:36,546 - INFO - Inserted 20000 rows into sales
2025-11-16 15:39:37,657 - INFO - Inserted 20000 rows into sales
2025-11-16 15:39:38,751 - INFO - Inserted 20000 rows into sales
2025-11-16 15:39:39,786 - INFO - Inserted 20000 rows into sales
2025-11-16 15:39:41,097 - INFO - Inserted 20000 rows into sales
2025-11-16 15:39:42,264 - INFO - Inserted 20000 rows into sales
2025-11-16 15:39:43,369 - INFO - Inserted 20000 rows into sales
2025-11-16 15:39:44,415 - INFO - Inserted 20000 rows into sales
2025-11-16 15:39:45,431 - INFO - Inserted 20000 rows into sales
2025-11-16 15:39:46,555 - INFO - Inserted 20000 rows into sales
2025-11-16 15:39:47,806 - INFO - Inserted 20000 rows into sales
2025-11-16 15:39:48,898 - INFO - Inserted 20000 rows into sales
2025-11-16 15:39:49,920 - INFO - Inserted 20000 rows into sales
2025-11-16 15:39:51,021 - INFO - Inserted 20000 rows into sales
2025-11-16 15:39:52,051 - INFO - Inserted 20000 rows into sales
2025-11-16 15:39:53,198 - INFO - Inserted 20000 rows into sales
2025-11-16 15:39:54,311 - INFO - Inserted 20000 rows into sales
2025-11-16 15:39:55,281 - INFO - Inserted 20000 rows into sales
2025-11-16 15:39:56,390 - INFO - Inserted 20000 rows into sales
2025-11-16 15:39:57,411 - INFO - Inserted 20000 rows into sales
2025-11-16 15:39:58,523 - INFO - Inserted 20000 rows into sales
2025-11-16 15:39:59,876 - INFO - Inserted 20000 rows into sales
2025-11-16 15:40:01,685 - INFO - Inserted 20000 rows into sales
2025-11-16 15:40:02,635 - INFO - Inserted 20000 rows into sales
2025-11-16 15:40:03,789 - INFO - Inserted 20000 rows into sales
2025-11-16 15:40:04,957 - INFO - Inserted 20000 rows into sales
2025-11-16 15:40:06,017 - INFO - Inserted 20000 rows into sales
2025-11-16 15:40:07,055 - INFO - Inserted 20000 rows into sales
2025-11-16 15:40:08,284 - INFO - Inserted 20000 rows into sales
2025-11-16 15:40:09,310 - INFO - Inserted 20000 rows into sales
2025-11-16 15:40:10,425 - INFO - Inserted 20000 rows into sales
2025-11-16 15:40:11,415 - INFO - Inserted 20000 rows into sales
2025-11-16 15:40:12,443 - INFO - Inserted 20000 rows into sales
2025-11-16 15:40:13,492 - INFO - Inserted 20000 rows into sales
2025-11-16 15:40:14,475 - INFO - Inserted 20000 rows into sales
2025-11-16 15:40:15,494 - INFO - Inserted 20000 rows into sales
2025-11-16 15:40:16,347 - INFO - Inserted 20000 rows into sales
2025-11-16 15:40:17,295 - INFO - Inserted 20000 rows into sales
2025-11-16 15:40:18,179 - INFO - Inserted 20000 rows into sales
2025-11-16 15:40:19,125 - INFO - Inserted 20000 rows into sales
2025-11-16 15:40:20,052 - INFO - Inserted 20000 rows into sales
2025-11-16 15:40:20,949 - INFO - Inserted 20000 rows into sales
2025-11-16 15:40:21,767 - INFO - Inserted 20000 rows into sales
2025-11-16 15:40:22,733 - INFO - Inserted 20000 rows into sales
2025-11-16 15:40:23,558 - INFO - Inserted 20000 rows into sales
2025-11-16 15:40:24,471 - INFO - Inserted 20000 rows into sales
2025-11-16 15:40:25,365 - INFO - Inserted 20000 rows into sales
2025-11-16 15:40:26,236 - INFO - Inserted 20000 rows into sales
2025-11-16 15:40:27,084 - INFO - Inserted 20000 rows into sales
2025-11-16 15:40:28,044 - INFO - Inserted 20000 rows into sales
2025-11-16 15:40:28,960 - INFO - Inserted 20000 rows into sales
2025-11-16 15:40:29,866 - INFO - Inserted 20000 rows into sales
2025-11-16 15:40:30,861 - INFO - Inserted 20000 rows into sales
2025-11-16 15:40:31,805 - INFO - Inserted 20000 rows into sales
2025-11-16 15:40:32,844 - INFO - Inserted 20000 rows into sales
2025-11-16 15:40:33,662 - INFO - Inserted 20000 rows into sales
2025-11-16 15:40:34,543 - INFO - Inserted 20000 rows into sales
2025-11-16 15:40:35,380 - INFO - Inserted 20000 rows into sales
2025-11-16 15:40:36,257 - INFO - Inserted 20000 rows into sales
2025-11-16 15:40:37,069 - INFO - Inserted 20000 rows into sales
2025-11-16 15:40:37,961 - INFO - Inserted 20000 rows into sales
2025-11-16 15:40:38,797 - INFO - Inserted 20000 rows into sales
2025-11-16 15:40:39,807 - INFO - Inserted 20000 rows into sales
2025-11-16 15:40:40,843 - INFO - Inserted 20000 rows into sales
2025-11-16 15:40:41,769 - INFO - Inserted 20000 rows into sales
2025-11-16 15:40:42,563 - INFO - Inserted 20000 rows into sales
2025-11-16 15:40:43,821 - INFO - Inserted 20000 rows into sales
2025-11-16 15:40:44,832 - INFO - Inserted 20000 rows into sales
2025-11-16 15:40:45,796 - INFO - Inserted 20000 rows into sales
2025-11-16 15:40:46,624 - INFO - Inserted 20000 rows into sales
2025-11-16 15:40:47,520 - INFO - Inserted 20000 rows into sales
2025-11-16 15:40:48,328 - INFO - Inserted 20000 rows into sales
2025-11-16 15:40:49,214 - INFO - Inserted 20000 rows into sales
2025-11-16 15:40:50,063 - INFO - Inserted 20000 rows into sales
2025-11-16 15:40:51,135 - INFO - Inserted 20000 rows into sales
2025-11-16 15:40:51,997 - INFO - Inserted 20000 rows into sales
2025-11-16 15:40:52,892 - INFO - Inserted 20000 rows into sales
2025-11-16 15:40:53,786 - INFO - Inserted 20000 rows into sales
2025-11-16 15:40:54,659 - INFO - Inserted 20000 rows into sales
2025-11-16 15:40:55,504 - INFO - Inserted 20000 rows into sales
2025-11-16 15:40:56,405 - INFO - Inserted 20000 rows into sales
2025-11-16 15:40:57,283 - INFO - Inserted 20000 rows into sales
2025-11-16 15:40:58,191 - INFO - Inserted 20000 rows into sales
2025-11-16 15:40:59,025 - INFO - Inserted 20000 rows into sales
2025-11-16 15:40:59,995 - INFO - Inserted 20000 rows into sales
2025-11-16 15:41:00,827 - INFO - Inserted 20000 rows into sales
2025-11-16 15:41:01,765 - INFO - Inserted 20000 rows into sales
2025-11-16 15:41:02,620 - INFO - Inserted 20000 rows into sales
2025-11-16 15:41:03,444 - INFO - Inserted 20000 rows into sales
2025-11-16 15:41:04,336 - INFO - Inserted 20000 rows into sales
2025-11-16 15:41:05,232 - INFO - Inserted 20000 rows into sales
2025-11-16 15:41:06,031 - INFO - Inserted 20000 rows into sales
2025-11-16 15:41:06,951 - INFO - Inserted 20000 rows into sales
2025-11-16 15:41:07,787 - INFO - Inserted 20000 rows into sales
2025-11-16 15:41:08,682 - INFO - Inserted 20000 rows into sales
2025-11-16 15:41:09,573 - INFO - Inserted 20000 rows into sales
2025-11-16 15:41:10,546 - INFO - Inserted 20000 rows into sales
2025-11-16 15:41:11,628 - INFO - Inserted 20000 rows into sales
2025-11-16 15:41:12,501 - INFO - Inserted 20000 rows into sales
2025-11-16 15:41:13,328 - INFO - Inserted 20000 rows into sales
2025-11-16 15:41:14,227 - INFO - Inserted 20000 rows into sales
2025-11-16 15:41:15,024 - INFO - Inserted 20000 rows into sales
2025-11-16 15:41:15,914 - INFO - Inserted 20000 rows into sales
2025-11-16 15:41:16,723 - INFO - Inserted 20000 rows into sales
2025-11-16 15:41:17,606 - INFO - Inserted 20000 rows into sales
2025-11-16 15:41:18,483 - INFO - Inserted 20000 rows into sales
2025-11-16 15:41:19,376 - INFO - Inserted 20000 rows into sales
2025-11-16 15:41:20,170 - INFO - Inserted 20000 rows into sales
2025-11-16 15:41:21,132 - INFO - Inserted 20000 rows into sales
2025-11-16 15:41:22,380 - INFO - Inserted 20000 rows into sales
2025-11-16 15:41:23,182 - INFO - Inserted 20000 rows into sales
2025-11-16 15:41:24,036 - INFO - Inserted 20000 rows into sales
2025-11-16 15:41:25,114 - INFO - Inserted 20000 rows into sales
2025-11-16 15:41:25,940 - INFO - Inserted 20000 rows into sales
2025-11-16 15:41:27,044 - INFO - Inserted 20000 rows into sales
2025-11-16 15:41:28,037 - INFO - Inserted 20000 rows into sales
2025-11-16 15:41:28,973 - INFO - Inserted 20000 rows into sales
2025-11-16 15:41:29,856 - INFO - Inserted 20000 rows into sales
2025-11-16 15:41:30,750 - INFO - Inserted 20000 rows into sales
2025-11-16 15:41:31,594 - INFO - Inserted 20000 rows into sales
2025-11-16 15:41:32,680 - INFO - Inserted 20000 rows into sales
2025-11-16 15:41:33,594 - INFO - Inserted 20000 rows into sales
2025-11-16 15:41:34,517 - INFO - Inserted 20000 rows into sales
2025-11-16 15:41:35,476 - INFO - Inserted 20000 rows into sales
2025-11-16 15:41:36,524 - INFO - Inserted 20000 rows into sales
2025-11-16 15:41:37,480 - INFO - Inserted 20000 rows into sales
2025-11-16 15:41:38,799 - INFO - Inserted 20000 rows into sales
2025-11-16 15:41:39,946 - INFO - Inserted 20000 rows into sales
2025-11-16 15:41:41,196 - INFO - Inserted 20000 rows into sales
2025-11-16 15:41:42,204 - INFO - Inserted 20000 rows into sales
2025-11-16 15:41:43,292 - INFO - Inserted 20000 rows into sales
2025-11-16 15:41:44,265 - INFO - Inserted 20000 rows into sales
2025-11-16 15:41:45,375 - INFO - Inserted 20000 rows into sales
2025-11-16 15:41:46,314 - INFO - Inserted 20000 rows into sales
2025-11-16 15:41:47,451 - INFO - Inserted 20000 rows into sales
2025-11-16 15:41:48,385 - INFO - Inserted 20000 rows into sales
2025-11-16 15:41:49,320 - INFO - Inserted 20000 rows into sales
2025-11-16 15:41:50,406 - INFO - Inserted 20000 rows into sales
2025-11-16 15:41:51,510 - INFO - Inserted 20000 rows into sales
2025-11-16 15:41:52,512 - INFO - Inserted 20000 rows into sales
2025-11-16 15:41:53,603 - INFO - Inserted 20000 rows into sales
2025-11-16 15:41:54,611 - INFO - Inserted 20000 rows into sales
2025-11-16 15:41:55,906 - INFO - Inserted 20000 rows into sales
2025-11-16 15:41:57,061 - INFO - Inserted 20000 rows into sales
2025-11-16 15:41:57,919 - INFO - Inserted 20000 rows into sales
2025-11-16 15:41:58,819 - INFO - Inserted 20000 rows into sales
2025-11-16 15:41:59,709 - INFO - Inserted 20000 rows into sales
2025-11-16 15:42:00,549 - INFO - Inserted 20000 rows into sales
2025-11-16 15:42:01,416 - INFO - Inserted 20000 rows into sales
2025-11-16 15:42:02,338 - INFO - Inserted 20000 rows into sales
2025-11-16 15:42:03,277 - INFO - Inserted 20000 rows into sales
2025-11-16 15:42:04,112 - INFO - Inserted 20000 rows into sales
2025-11-16 15:42:04,955 - INFO - Inserted 20000 rows into sales
2025-11-16 15:42:05,870 - INFO - Inserted 20000 rows into sales
2025-11-16 15:42:06,842 - INFO - Inserted 20000 rows into sales
2025-11-16 15:42:07,728 - INFO - Inserted 20000 rows into sales
2025-11-16 15:42:08,588 - INFO - Inserted 20000 rows into sales
2025-11-16 15:42:09,440 - INFO - Inserted 20000 rows into sales
2025-11-16 15:42:10,293 - INFO - Inserted 20000 rows into sales
2025-11-16 15:42:11,128 - INFO - Inserted 20000 rows into sales
2025-11-16 15:42:11,956 - INFO - Inserted 20000 rows into sales
2025-11-16 15:42:12,839 - INFO - Inserted 20000 rows into sales
2025-11-16 15:42:13,675 - INFO - Inserted 20000 rows into sales
2025-11-16 15:42:14,561 - INFO - Inserted 20000 rows into sales
2025-11-16 15:42:15,537 - INFO - Inserted 20000 rows into sales
2025-11-16 15:42:16,373 - INFO - Inserted 20000 rows into sales
2025-11-16 15:42:17,163 - INFO - Inserted 20000 rows into sales
2025-11-16 15:42:18,338 - INFO - Inserted 20000 rows into sales
2025-11-16 15:42:19,240 - INFO - Inserted 20000 rows into sales
2025-11-16 15:42:20,168 - INFO - Inserted 20000 rows into sales
2025-11-16 15:42:21,214 - INFO - Inserted 20000 rows into sales
2025-11-16 15:42:22,118 - INFO - Inserted 20000 rows into sales
2025-11-16 15:42:23,123 - INFO - Inserted 20000 rows into sales
2025-11-16 15:42:24,044 - INFO - Inserted 20000 rows into sales
2025-11-16 15:42:25,036 - INFO - Inserted 20000 rows into sales
2025-11-16 15:42:25,913 - INFO - Inserted 20000 rows into sales
2025-11-16 15:42:26,782 - INFO - Inserted 20000 rows into sales
2025-11-16 15:42:27,654 - INFO - Inserted 20000 rows into sales
2025-11-16 15:42:28,471 - INFO - Inserted 20000 rows into sales
2025-11-16 15:42:29,381 - INFO - Inserted 20000 rows into sales
2025-11-16 15:42:30,264 - INFO - Inserted 20000 rows into sales
2025-11-16 15:42:31,187 - INFO - Inserted 20000 rows into sales
2025-11-16 15:42:32,081 - INFO - Inserted 20000 rows into sales
2025-11-16 15:42:33,017 - INFO - Inserted 20000 rows into sales
2025-11-16 15:42:33,864 - INFO - Inserted 20000 rows into sales
2025-11-16 15:42:34,876 - INFO - Inserted 20000 rows into sales
2025-11-16 15:42:35,732 - INFO - Inserted 20000 rows into sales
2025-11-16 15:42:36,584 - INFO - Inserted 20000 rows into sales
2025-11-16 15:42:37,515 - INFO - Inserted 20000 rows into sales
2025-11-16 15:42:38,344 - INFO - Inserted 20000 rows into sales
2025-11-16 15:42:39,198 - INFO - Inserted 20000 rows into sales
2025-11-16 15:42:40,179 - INFO - Inserted 20000 rows into sales
2025-11-16 15:42:41,009 - INFO - Inserted 20000 rows into sales
2025-11-16 15:42:41,896 - INFO - Inserted 20000 rows into sales
2025-11-16 15:42:42,709 - INFO - Inserted 20000 rows into sales
2025-11-16 15:42:43,594 - INFO - Inserted 20000 rows into sales
2025-11-16 15:42:44,485 - INFO - Inserted 20000 rows into sales
2025-11-16 15:42:45,298 - INFO - Inserted 20000 rows into sales
2025-11-16 15:42:46,131 - INFO - Inserted 20000 rows into sales
2025-11-16 15:42:46,999 - INFO - Inserted 20000 rows into sales
2025-11-16 15:42:47,850 - INFO - Inserted 20000 rows into sales
2025-11-16 15:42:48,801 - INFO - Inserted 20000 rows into sales
2025-11-16 15:42:49,686 - INFO - Inserted 20000 rows into sales
2025-11-16 15:42:50,581 - INFO - Inserted 20000 rows into sales
2025-11-16 15:42:51,416 - INFO - Inserted 20000 rows into sales
2025-11-16 15:42:52,347 - INFO - Inserted 20000 rows into sales
2025-11-16 15:42:53,179 - INFO - Inserted 20000 rows into sales
2025-11-16 15:42:54,061 - INFO - Inserted 20000 rows into sales
2025-11-16 15:42:54,886 - INFO - Inserted 20000 rows into sales
2025-11-16 15:42:55,825 - INFO - Inserted 20000 rows into sales
2025-11-16 15:42:56,746 - INFO - Inserted 20000 rows into sales
2025-11-16 15:42:57,787 - INFO - Inserted 20000 rows into sales
2025-11-16 15:42:58,699 - INFO - Inserted 20000 rows into sales
2025-11-16 15:42:59,619 - INFO - Inserted 20000 rows into sales
2025-11-16 15:43:00,588 - INFO - Inserted 20000 rows into sales
2025-11-16 15:43:01,476 - INFO - Inserted 20000 rows into sales
2025-11-16 15:43:02,313 - INFO - Inserted 20000 rows into sales
2025-11-16 15:43:03,240 - INFO - Inserted 20000 rows into sales
2025-11-16 15:43:04,104 - INFO - Inserted 20000 rows into sales
2025-11-16 15:43:05,029 - INFO - Inserted 20000 rows into sales
2025-11-16 15:43:05,911 - INFO - Inserted 20000 rows into sales
2025-11-16 15:43:06,932 - INFO - Inserted 20000 rows into sales
2025-11-16 15:43:07,757 - INFO - Inserted 20000 rows into sales
2025-11-16 15:43:08,680 - INFO - Inserted 20000 rows into sales
2025-11-16 15:43:09,495 - INFO - Inserted 20000 rows into sales
2025-11-16 15:43:10,400 - INFO - Inserted 20000 rows into sales
2025-11-16 15:43:11,367 - INFO - Inserted 20000 rows into sales
2025-11-16 15:43:12,256 - INFO - Inserted 20000 rows into sales
2025-11-16 15:43:13,052 - INFO - Inserted 20000 rows into sales
2025-11-16 15:43:14,067 - INFO - Inserted 20000 rows into sales
2025-11-16 15:43:14,900 - INFO - Inserted 20000 rows into sales
2025-11-16 15:43:15,811 - INFO - Inserted 20000 rows into sales
2025-11-16 15:43:16,691 - INFO - Inserted 20000 rows into sales
2025-11-16 15:43:17,615 - INFO - Inserted 20000 rows into sales
2025-11-16 15:43:18,485 - INFO - Inserted 20000 rows into sales
2025-11-16 15:43:19,405 - INFO - Inserted 20000 rows into sales
2025-11-16 15:43:20,238 - INFO - Inserted 20000 rows into sales
2025-11-16 15:43:21,117 - INFO - Inserted 20000 rows into sales
2025-11-16 15:43:21,949 - INFO - Inserted 20000 rows into sales
2025-11-16 15:43:22,987 - INFO - Inserted 20000 rows into sales
2025-11-16 15:43:23,840 - INFO - Inserted 20000 rows into sales
2025-11-16 15:43:24,728 - INFO - Inserted 20000 rows into sales
2025-11-16 15:43:25,542 - INFO - Inserted 20000 rows into sales
2025-11-16 15:43:26,443 - INFO - Inserted 20000 rows into sales
2025-11-16 15:43:27,255 - INFO - Inserted 20000 rows into sales
2025-11-16 15:43:28,220 - INFO - Inserted 20000 rows into sales
2025-11-16 15:43:29,104 - INFO - Inserted 20000 rows into sales
2025-11-16 15:43:30,134 - INFO - Inserted 20000 rows into sales
2025-11-16 15:43:31,013 - INFO - Inserted 20000 rows into sales
2025-11-16 15:43:31,862 - INFO - Inserted 20000 rows into sales
2025-11-16 15:43:32,735 - INFO - Inserted 20000 rows into sales
2025-11-16 15:43:33,775 - INFO - Inserted 20000 rows into sales
2025-11-16 15:43:34,680 - INFO - Inserted 20000 rows into sales
2025-11-16 15:43:35,497 - INFO - Inserted 20000 rows into sales
2025-11-16 15:43:36,397 - INFO - Inserted 20000 rows into sales
2025-11-16 15:43:37,254 - INFO - Inserted 20000 rows into sales
2025-11-16 15:43:38,180 - INFO - Inserted 20000 rows into sales
2025-11-16 15:43:39,189 - INFO - Inserted 20000 rows into sales
2025-11-16 15:43:40,070 - INFO - Inserted 20000 rows into sales
2025-11-16 15:43:41,042 - INFO - Inserted 20000 rows into sales
2025-11-16 15:43:41,985 - INFO - Inserted 20000 rows into sales
2025-11-16 15:43:42,925 - INFO - Inserted 20000 rows into sales
2025-11-16 15:43:43,873 - INFO - Inserted 20000 rows into sales
2025-11-16 15:43:44,719 - INFO - Inserted 20000 rows into sales
2025-11-16 15:43:45,731 - INFO - Inserted 20000 rows into sales
2025-11-16 15:43:46,780 - INFO - Inserted 20000 rows into sales
2025-11-16 15:43:47,627 - INFO - Inserted 20000 rows into sales
2025-11-16 15:43:48,626 - INFO - Inserted 20000 rows into sales
2025-11-16 15:43:49,463 - INFO - Inserted 20000 rows into sales
2025-11-16 15:43:50,354 - INFO - Inserted 20000 rows into sales
2025-11-16 15:43:51,242 - INFO - Inserted 20000 rows into sales
2025-11-16 15:43:52,211 - INFO - Inserted 20000 rows into sales
2025-11-16 15:43:53,119 - INFO - Inserted 20000 rows into sales
2025-11-16 15:43:54,020 - INFO - Inserted 20000 rows into sales
2025-11-16 15:43:54,857 - INFO - Inserted 20000 rows into sales
2025-11-16 15:43:55,789 - INFO - Inserted 20000 rows into sales
2025-11-16 15:43:56,719 - INFO - Inserted 20000 rows into sales
2025-11-16 15:43:57,699 - INFO - Inserted 20000 rows into sales
2025-11-16 15:43:58,533 - INFO - Inserted 20000 rows into sales
2025-11-16 15:43:59,567 - INFO - Inserted 20000 rows into sales
2025-11-16 15:44:00,401 - INFO - Inserted 20000 rows into sales
2025-11-16 15:44:01,333 - INFO - Inserted 20000 rows into sales
2025-11-16 15:44:02,325 - INFO - Inserted 20000 rows into sales
2025-11-16 15:44:03,209 - INFO - Inserted 20000 rows into sales
2025-11-16 15:44:04,155 - INFO - Inserted 20000 rows into sales
2025-11-16 15:44:05,040 - INFO - Inserted 20000 rows into sales
2025-11-16 15:44:06,003 - INFO - Inserted 20000 rows into sales
2025-11-16 15:44:06,936 - INFO - Inserted 20000 rows into sales
2025-11-16 15:44:07,911 - INFO - Inserted 20000 rows into sales
2025-11-16 15:44:08,730 - INFO - Inserted 20000 rows into sales
2025-11-16 15:44:09,674 - INFO - Inserted 20000 rows into sales
2025-11-16 15:44:10,499 - INFO - Inserted 20000 rows into sales
2025-11-16 15:44:11,389 - INFO - Inserted 20000 rows into sales
2025-11-16 15:44:12,304 - INFO - Inserted 20000 rows into sales
2025-11-16 15:44:13,141 - INFO - Inserted 20000 rows into sales
2025-11-16 15:44:14,057 - INFO - Inserted 20000 rows into sales
2025-11-16 15:44:14,923 - INFO - Inserted 20000 rows into sales
2025-11-16 15:44:15,864 - INFO - Inserted 20000 rows into sales
2025-11-16 15:44:16,705 - INFO - Inserted 20000 rows into sales
2025-11-16 15:44:17,726 - INFO - Inserted 20000 rows into sales
2025-11-16 15:44:18,610 - INFO - Inserted 20000 rows into sales
2025-11-16 15:44:19,488 - INFO - Inserted 20000 rows into sales
2025-11-16 15:44:20,303 - INFO - Inserted 20000 rows into sales
2025-11-16 15:44:21,234 - INFO - Inserted 20000 rows into sales
2025-11-16 15:44:22,028 - INFO - Inserted 20000 rows into sales
2025-11-16 15:44:22,878 - INFO - Inserted 20000 rows into sales
2025-11-16 15:44:23,732 - INFO - Inserted 20000 rows into sales
2025-11-16 15:44:24,586 - INFO - Inserted 20000 rows into sales
2025-11-16 15:44:25,572 - INFO - Inserted 20000 rows into sales
2025-11-16 15:44:26,366 - INFO - Inserted 20000 rows into sales
2025-11-16 15:44:27,403 - INFO - Inserted 20000 rows into sales
2025-11-16 15:44:28,261 - INFO - Inserted 20000 rows into sales
2025-11-16 15:44:29,190 - INFO - Inserted 20000 rows into sales
2025-11-16 15:44:30,037 - INFO - Inserted 20000 rows into sales
2025-11-16 15:44:30,925 - INFO - Inserted 20000 rows into sales
2025-11-16 15:44:31,710 - INFO - Inserted 20000 rows into sales
2025-11-16 15:44:32,497 - INFO - Inserted 20000 rows into sales
2025-11-16 15:44:33,472 - INFO - Inserted 20000 rows into sales
2025-11-16 15:44:34,314 - INFO - Inserted 20000 rows into sales
2025-11-16 15:44:35,188 - INFO - Inserted 20000 rows into sales
2025-11-16 15:44:36,070 - INFO - Inserted 20000 rows into sales
2025-11-16 15:44:37,028 - INFO - Inserted 20000 rows into sales
2025-11-16 15:44:37,892 - INFO - Inserted 20000 rows into sales
2025-11-16 15:44:38,796 - INFO - Inserted 20000 rows into sales
2025-11-16 15:44:39,821 - INFO - Inserted 20000 rows into sales
2025-11-16 15:44:40,760 - INFO - Inserted 20000 rows into sales
2025-11-16 15:44:41,770 - INFO - Inserted 20000 rows into sales
2025-11-16 15:44:42,656 - INFO - Inserted 20000 rows into sales
2025-11-16 15:44:43,725 - INFO - Inserted 20000 rows into sales
2025-11-16 15:44:44,656 - INFO - Inserted 20000 rows into sales
2025-11-16 15:44:45,641 - INFO - Inserted 20000 rows into sales
2025-11-16 15:44:46,678 - INFO - Inserted 20000 rows into sales
2025-11-16 15:44:47,656 - INFO - Inserted 20000 rows into sales
2025-11-16 15:44:48,514 - INFO - Inserted 20000 rows into sales
2025-11-16 15:44:49,349 - INFO - Inserted 20000 rows into sales
2025-11-16 15:44:50,313 - INFO - Inserted 20000 rows into sales
2025-11-16 15:44:51,211 - INFO - Inserted 20000 rows into sales
2025-11-16 15:44:52,106 - INFO - Inserted 20000 rows into sales
2025-11-16 15:44:52,929 - INFO - Inserted 20000 rows into sales
2025-11-16 15:44:53,865 - INFO - Inserted 20000 rows into sales
2025-11-16 15:44:54,891 - INFO - Inserted 20000 rows into sales
2025-11-16 15:44:55,767 - INFO - Inserted 20000 rows into sales
2025-11-16 15:44:56,731 - INFO - Inserted 20000 rows into sales
2025-11-16 15:44:57,744 - INFO - Inserted 20000 rows into sales
2025-11-16 15:44:58,733 - INFO - Inserted 20000 rows into sales
2025-11-16 15:44:59,527 - INFO - Inserted 20000 rows into sales
2025-11-16 15:45:00,502 - INFO - Inserted 20000 rows into sales
2025-11-16 15:45:01,368 - INFO - Inserted 20000 rows into sales
2025-11-16 15:45:02,308 - INFO - Inserted 20000 rows into sales
2025-11-16 15:45:03,163 - INFO - Inserted 20000 rows into sales
2025-11-16 15:45:04,056 - INFO - Inserted 20000 rows into sales
2025-11-16 15:45:05,123 - INFO - Inserted 20000 rows into sales
2025-11-16 15:45:06,006 - INFO - Inserted 20000 rows into sales
2025-11-16 15:45:06,958 - INFO - Inserted 20000 rows into sales
2025-11-16 15:45:07,940 - INFO - Inserted 20000 rows into sales
2025-11-16 15:45:08,885 - INFO - Inserted 20000 rows into sales
2025-11-16 15:45:09,775 - INFO - Inserted 20000 rows into sales
2025-11-16 15:45:10,712 - INFO - Inserted 20000 rows into sales
2025-11-16 15:45:11,587 - INFO - Inserted 20000 rows into sales
2025-11-16 15:45:12,553 - INFO - Inserted 20000 rows into sales
2025-11-16 15:45:13,525 - INFO - Inserted 20000 rows into sales
2025-11-16 15:45:14,341 - INFO - Inserted 20000 rows into sales
2025-11-16 15:45:15,274 - INFO - Inserted 20000 rows into sales
2025-11-16 15:45:16,109 - INFO - Inserted 20000 rows into sales
2025-11-16 15:45:17,067 - INFO - Inserted 20000 rows into sales
2025-11-16 15:45:17,871 - INFO - Inserted 20000 rows into sales
2025-11-16 15:45:18,955 - INFO - Inserted 20000 rows into sales
2025-11-16 15:45:19,936 - INFO - Inserted 20000 rows into sales
2025-11-16 15:45:20,792 - INFO - Inserted 20000 rows into sales
2025-11-16 15:45:21,921 - INFO - Inserted 20000 rows into sales
2025-11-16 15:45:22,813 - INFO - Inserted 20000 rows into sales
2025-11-16 15:45:23,754 - INFO - Inserted 20000 rows into sales
2025-11-16 15:45:24,566 - INFO - Inserted 20000 rows into sales
2025-11-16 15:45:25,581 - INFO - Inserted 20000 rows into sales
2025-11-16 15:45:26,526 - INFO - Inserted 20000 rows into sales
2025-11-16 15:45:27,380 - INFO - Inserted 20000 rows into sales
2025-11-16 15:45:28,362 - INFO - Inserted 20000 rows into sales
2025-11-16 15:45:29,234 - INFO - Inserted 20000 rows into sales
2025-11-16 15:45:30,282 - INFO - Inserted 20000 rows into sales
2025-11-16 15:45:31,104 - INFO - Inserted 20000 rows into sales
2025-11-16 15:45:31,979 - INFO - Inserted 20000 rows into sales
2025-11-16 15:45:32,936 - INFO - Inserted 20000 rows into sales
2025-11-16 15:45:33,774 - INFO - Inserted 20000 rows into sales
2025-11-16 15:45:34,890 - INFO - Inserted 20000 rows into sales
2025-11-16 15:45:35,746 - INFO - Inserted 20000 rows into sales
2025-11-16 15:45:36,706 - INFO - Inserted 20000 rows into sales
2025-11-16 15:45:37,549 - INFO - Inserted 20000 rows into sales
2025-11-16 15:45:38,392 - INFO - Inserted 20000 rows into sales
2025-11-16 15:45:39,271 - INFO - Inserted 20000 rows into sales
2025-11-16 15:45:40,108 - INFO - Inserted 20000 rows into sales
2025-11-16 15:45:41,028 - INFO - Inserted 20000 rows into sales
2025-11-16 15:45:41,862 - INFO - Inserted 20000 rows into sales
2025-11-16 15:45:42,774 - INFO - Inserted 20000 rows into sales
2025-11-16 15:45:43,552 - INFO - Inserted 20000 rows into sales
2025-11-16 15:45:44,477 - INFO - Inserted 20000 rows into sales
2025-11-16 15:45:45,356 - INFO - Inserted 20000 rows into sales
2025-11-16 15:45:46,225 - INFO - Inserted 20000 rows into sales
2025-11-16 15:45:47,137 - INFO - Inserted 20000 rows into sales
2025-11-16 15:45:47,958 - INFO - Inserted 20000 rows into sales
2025-11-16 15:45:48,888 - INFO - Inserted 20000 rows into sales
2025-11-16 15:45:49,752 - INFO - Inserted 20000 rows into sales
2025-11-16 15:45:50,569 - INFO - Inserted 20000 rows into sales
2025-11-16 15:45:51,501 - INFO - Inserted 20000 rows into sales
2025-11-16 15:45:52,363 - INFO - Inserted 20000 rows into sales
2025-11-16 15:45:53,438 - INFO - Inserted 20000 rows into sales
2025-11-16 15:45:54,344 - INFO - Inserted 20000 rows into sales
2025-11-16 15:45:55,346 - INFO - Inserted 20000 rows into sales
2025-11-16 15:45:56,349 - INFO - Inserted 20000 rows into sales
2025-11-16 15:45:57,265 - INFO - Inserted 20000 rows into sales
2025-11-16 15:45:58,128 - INFO - Inserted 20000 rows into sales
2025-11-16 15:45:58,999 - INFO - Inserted 20000 rows into sales
2025-11-16 15:45:59,845 - INFO - Inserted 20000 rows into sales
2025-11-16 15:46:00,658 - INFO - Inserted 20000 rows into sales
2025-11-16 15:46:01,505 - INFO - Inserted 20000 rows into sales
2025-11-16 15:46:02,322 - INFO - Inserted 20000 rows into sales
2025-11-16 15:46:03,206 - INFO - Inserted 20000 rows into sales
2025-11-16 15:46:04,099 - INFO - Inserted 20000 rows into sales
2025-11-16 15:46:04,934 - INFO - Inserted 20000 rows into sales
2025-11-16 15:46:05,734 - INFO - Inserted 20000 rows into sales
2025-11-16 15:46:06,564 - INFO - Inserted 20000 rows into sales
2025-11-16 15:46:07,549 - INFO - Inserted 20000 rows into sales
2025-11-16 15:46:08,372 - INFO - Inserted 20000 rows into sales
2025-11-16 15:46:09,233 - INFO - Inserted 20000 rows into sales
2025-11-16 15:46:10,179 - INFO - Inserted 20000 rows into sales
2025-11-16 15:46:11,041 - INFO - Inserted 20000 rows into sales
2025-11-16 15:46:11,879 - INFO - Inserted 20000 rows into sales
2025-11-16 15:46:12,710 - INFO - Inserted 20000 rows into sales
2025-11-16 15:46:13,627 - INFO - Inserted 20000 rows into sales
2025-11-16 15:46:14,510 - INFO - Inserted 20000 rows into sales
2025-11-16 15:46:15,296 - INFO - Inserted 20000 rows into sales
2025-11-16 15:46:16,114 - INFO - Inserted 20000 rows into sales
2025-11-16 15:46:17,003 - INFO - Inserted 20000 rows into sales
2025-11-16 15:46:17,824 - INFO - Inserted 20000 rows into sales
2025-11-16 15:46:18,671 - INFO - Inserted 20000 rows into sales
2025-11-16 15:46:19,482 - INFO - Inserted 20000 rows into sales
2025-11-16 15:46:20,431 - INFO - Inserted 20000 rows into sales
2025-11-16 15:46:21,407 - INFO - Inserted 20000 rows into sales
2025-11-16 15:46:22,262 - INFO - Inserted 20000 rows into sales
2025-11-16 15:46:23,053 - INFO - Inserted 20000 rows into sales
2025-11-16 15:46:23,888 - INFO - Inserted 20000 rows into sales
2025-11-16 15:46:24,103 - INFO - Inserted 5363 rows into sales
2025-11-16 15:46:24,104 - INFO - Completed ingestion for sales
2025-11-16 15:46:24,104 - INFO - Starting ingestion for C:\Users\kkj\Desktop\data\vendor_invoice.csv \u2192 vendor_invoice
2025-11-16 15:46:24,333 - INFO - Inserted 5543 rows into vendor_invoice
2025-11-16 15:46:24,334 - INFO - Completed ingestion for vendor_invoice
2025-11-16 15:46:24,335 - INFO - ----- Ingestion Complete -----
